#
# There is insufficient memory for the Java Runtime Environment to continue.
# Native memory allocation (malloc) failed to allocate 1048576 bytes. Error detail: AllocateHeap
# Possible reasons:
#   The system is out of physical RAM or swap space
#   This process is running with CompressedOops enabled, and the Java Heap may be blocking the growth of the native heap
# Possible solutions:
#   Reduce memory load on the system
#   Increase physical memory or swap space
#   Check if swap backing store is full
#   Decrease Java heap size (-Xmx/-Xms)
#   Decrease number of Java threads
#   Decrease Java thread stack sizes (-Xss)
#   Set larger code cache with -XX:ReservedCodeCacheSize=
#   JVM is running with Unscaled Compressed Oops mode in which the Java heap is
#     placed in the first 4GB address space. The Java Heap base address is the
#     maximum limit for the native heap growth. Please use -XX:HeapBaseMinAddress
#     to set the Java Heap base and to place the Java Heap above 4GB virtual address.
# This output file may be truncated or incomplete.
#
#  Out of Memory Error (allocation.cpp:44), pid=9564, tid=17120
#
# JRE version: OpenJDK Runtime Environment Temurin-21.0.9+10 (21.0.9+10) (build 21.0.9+10-LTS)
# Java VM: OpenJDK 64-Bit Server VM Temurin-21.0.9+10 (21.0.9+10-LTS, mixed mode, sharing, tiered, compressed oops, compressed class ptrs, parallel gc, windows-amd64)
# No core dump will be written. Minidumps are not enabled by default on client versions of Windows
#

---------------  S U M M A R Y ------------

Command Line: --add-modules=ALL-SYSTEM --add-opens=java.base/java.util=ALL-UNNAMED --add-opens=java.base/java.lang=ALL-UNNAMED --add-opens=java.base/sun.nio.fs=ALL-UNNAMED -Declipse.application=org.eclipse.jdt.ls.core.id1 -Dosgi.bundles.defaultStartLevel=4 -Declipse.product=org.eclipse.jdt.ls.core.product -Djava.import.generatesMetadataFilesAtProjectRoot=false -DDetectVMInstallationsJob.disabled=true -Dfile.encoding=utf8 -XX:+UseParallelGC -XX:GCTimeRatio=4 -XX:AdaptiveSizePolicyWeight=90 -Dsun.zip.disableMemoryMapping=true -Xmx2G -Xms100m -Xlog:disable -javaagent:c:\Users\hp\.vscode\extensions\redhat.java-1.50.0-win32-x64\lombok\lombok-1.18.39-4050.jar -XX:+HeapDumpOnOutOfMemoryError -XX:HeapDumpPath=c:\Users\hp\AppData\Roaming\Code\User\workspaceStorage\6f9554d25d701098d3213396f1eb88a9\redhat.java -Daether.dependencyCollector.impl=bf c:\Users\hp\.vscode\extensions\redhat.java-1.50.0-win32-x64\server\plugins\org.eclipse.equinox.launcher_1.7.100.v20251111-0406.jar -configuration c:\Users\hp\AppData\Roaming\Code\User\globalStorage\redhat.java\1.50.0\config_win -data c:\Users\hp\AppData\Roaming\Code\User\workspaceStorage\6f9554d25d701098d3213396f1eb88a9\redhat.java\jdt_ws --pipe=\\.\pipe\lsp-cefab252ea4cceb76e950f6f4e970946-sock

Host: AMD Ryzen 5 3500U with Radeon Vega Mobile Gfx  , 8 cores, 13G,  Windows 10 , 64 bit Build 19041 (10.0.19041.5915)
Time: Sat Dec 20 01:55:51 2025 elapsed time: 31805.763454 seconds (0d 8h 50m 5s)

---------------  T H R E A D  ---------------

Current thread (0x000001a0fc5ca9f0):  JavaThread "Attach Listener" daemon [_thread_in_vm, id=17120, stack(0x0000005d81600000,0x0000005d81700000) (1024K)]

Stack: [0x0000005d81600000,0x0000005d81700000]
Native frames: (J=compiled Java code, j=interpreted, Vv=VM code, C=native code)
V  [jvm.dll+0x6d6e29]
V  [jvm.dll+0x8b4b76]
V  [jvm.dll+0x8b712e]
V  [jvm.dll+0x8b7813]
V  [jvm.dll+0x283d86]
V  [jvm.dll+0xc1277]
V  [jvm.dll+0x6d76d9]
V  [jvm.dll+0x133466]
V  [jvm.dll+0x3f7ea6]
V  [jvm.dll+0x85e9ad]
V  [jvm.dll+0x6d565d]
C  [ucrtbase.dll+0x21bb2]
C  [KERNEL32.DLL+0x17374]
C  [ntdll.dll+0x4cc91]


---------------  P R O C E S S  ---------------

Threads class SMR info:
_java_thread_list=0x000001a0fe1ae4a0, length=42, elements={
0x000001a0e5b57ae0, 0x000001a0fc5c29b0, 0x000001a0fc5c5f60, 0x000001a0fc5c9da0,
0x000001a0fc5ca9f0, 0x000001a0fc5ce2b0, 0x000001a0fc5ced00, 0x000001a0fc5d4f50,
0x000001a0fc5d5a90, 0x000001a0fe073950, 0x000001a0fe1c02a0, 0x000001a0fe580bb0,
0x000001a0fe9def40, 0x000001a0fe0676a0, 0x000001a0fe066960, 0x000001a0fee25440,
0x000001a0fee23a00, 0x000001a0fe710800, 0x000001a0fefff9b0, 0x000001a0ff327100,
0x000001a0ff3249a0, 0x000001a0ff3263e0, 0x000001a0ff325d50, 0x000001a0c5e46530,
0x000001a0c5e44460, 0x000001a0c5e430b0, 0x000001a0c5e45180, 0x000001a0c5e45ea0,
0x000001a0c5e40fe0, 0x000001a0c5e43740, 0x000001a0c5e3f5a0, 0x000001a0c5e43dd0,
0x000001a0c5676f00, 0x000001a0c5673a80, 0x000001a0c56782b0, 0x000001a0c5677590,
0x000001a0c5674110, 0x000001a0c5674e30, 0x000001a0c5678940, 0x000001a0c5675b50,
0x000001a0c56726d0, 0x000001a0c5e41670
}

Java Threads: ( => current thread )
  0x000001a0e5b57ae0 JavaThread "main"                              [_thread_blocked, id=17076, stack(0x0000005d80f00000,0x0000005d81000000) (1024K)]
  0x000001a0fc5c29b0 JavaThread "Reference Handler"          daemon [_thread_blocked, id=19388, stack(0x0000005d81300000,0x0000005d81400000) (1024K)]
  0x000001a0fc5c5f60 JavaThread "Finalizer"                  daemon [_thread_blocked, id=17112, stack(0x0000005d81400000,0x0000005d81500000) (1024K)]
  0x000001a0fc5c9da0 JavaThread "Signal Dispatcher"          daemon [_thread_blocked, id=17116, stack(0x0000005d81500000,0x0000005d81600000) (1024K)]
=>0x000001a0fc5ca9f0 JavaThread "Attach Listener"            daemon [_thread_in_vm, id=17120, stack(0x0000005d81600000,0x0000005d81700000) (1024K)]
  0x000001a0fc5ce2b0 JavaThread "Service Thread"             daemon [_thread_blocked, id=19268, stack(0x0000005d81700000,0x0000005d81800000) (1024K)]
  0x000001a0fc5ced00 JavaThread "Monitor Deflation Thread"   daemon [_thread_blocked, id=2428, stack(0x0000005d81800000,0x0000005d81900000) (1024K)]
  0x000001a0fc5d4f50 JavaThread "C2 CompilerThread0"         daemon [_thread_blocked, id=15860, stack(0x0000005d81900000,0x0000005d81a00000) (1024K)]
  0x000001a0fc5d5a90 JavaThread "C1 CompilerThread0"         daemon [_thread_blocked, id=17012, stack(0x0000005d81a00000,0x0000005d81b00000) (1024K)]
  0x000001a0fe073950 JavaThread "Common-Cleaner"             daemon [_thread_blocked, id=16392, stack(0x0000005d81b00000,0x0000005d81c00000) (1024K)]
  0x000001a0fe1c02a0 JavaThread "Notification Thread"        daemon [_thread_blocked, id=17816, stack(0x0000005d81c00000,0x0000005d81d00000) (1024K)]
  0x000001a0fe580bb0 JavaThread "Active Thread: Equinox Container: 45adc83f-e36f-4440-a32f-ce639dda3611"        [_thread_blocked, id=15672, stack(0x0000005d82300000,0x0000005d82400000) (1024K)]
  0x000001a0fe9def40 JavaThread "Refresh Thread: Equinox Container: 45adc83f-e36f-4440-a32f-ce639dda3611" daemon [_thread_blocked, id=1952, stack(0x0000005d82400000,0x0000005d82500000) (1024K)]
  0x000001a0fe0676a0 JavaThread "Framework Event Dispatcher: Equinox Container: 45adc83f-e36f-4440-a32f-ce639dda3611" daemon [_thread_blocked, id=18696, stack(0x0000005d82600000,0x0000005d82700000) (1024K)]
  0x000001a0fe066960 JavaThread "Start Level: Equinox Container: 45adc83f-e36f-4440-a32f-ce639dda3611" daemon [_thread_blocked, id=19372, stack(0x0000005d82700000,0x0000005d82800000) (1024K)]
  0x000001a0fee25440 JavaThread "Bundle File Closer"         daemon [_thread_blocked, id=7164, stack(0x0000005d82900000,0x0000005d82a00000) (1024K)]
  0x000001a0fee23a00 JavaThread "SCR Component Actor"        daemon [_thread_blocked, id=19000, stack(0x0000005d82800000,0x0000005d82900000) (1024K)]
  0x000001a0fe710800 JavaThread "Worker-JM"                         [_thread_blocked, id=16904, stack(0x0000005d82a00000,0x0000005d82b00000) (1024K)]
  0x000001a0fefff9b0 JavaThread "JNA Cleaner"                daemon [_thread_blocked, id=19128, stack(0x0000005d82b00000,0x0000005d82c00000) (1024K)]
  0x000001a0ff327100 JavaThread "Java indexing"              daemon [_thread_blocked, id=19416, stack(0x0000005d82f00000,0x0000005d83000000) (1024K)]
  0x000001a0ff3249a0 JavaThread "Thread-1"                   daemon [_thread_in_native, id=16420, stack(0x0000005d83600000,0x0000005d83700000) (1024K)]
  0x000001a0ff3263e0 JavaThread "Thread-2"                   daemon [_thread_in_native, id=15676, stack(0x0000005d83700000,0x0000005d83800000) (1024K)]
  0x000001a0ff325d50 JavaThread "Thread-3"                   daemon [_thread_in_native, id=4732, stack(0x0000005d83800000,0x0000005d83900000) (1024K)]
  0x000001a0c5e46530 JavaThread "Thread-4"                   daemon [_thread_in_native, id=15608, stack(0x0000005d83900000,0x0000005d83a00000) (1024K)]
  0x000001a0c5e44460 JavaThread "Thread-5"                   daemon [_thread_in_native, id=4416, stack(0x0000005d83a00000,0x0000005d83b00000) (1024K)]
  0x000001a0c5e430b0 JavaThread "Thread-6"                   daemon [_thread_in_native, id=17192, stack(0x0000005d83b00000,0x0000005d83c00000) (1024K)]
  0x000001a0c5e45180 JavaThread "Thread-7"                   daemon [_thread_in_native, id=16928, stack(0x0000005d83c00000,0x0000005d83d00000) (1024K)]
  0x000001a0c5e45ea0 JavaThread "Thread-8"                   daemon [_thread_in_native, id=15876, stack(0x0000005d83d00000,0x0000005d83e00000) (1024K)]
  0x000001a0c5e40fe0 JavaThread "Thread-9"                   daemon [_thread_in_native, id=18468, stack(0x0000005d83e00000,0x0000005d83f00000) (1024K)]
  0x000001a0c5e43740 JavaThread "pool-2-thread-1"                   [_thread_blocked, id=15036, stack(0x0000005d83f00000,0x0000005d84000000) (1024K)]
  0x000001a0c5e3f5a0 JavaThread "WorkspaceEventsHandler"            [_thread_blocked, id=8980, stack(0x0000005d84000000,0x0000005d84100000) (1024K)]
  0x000001a0c5e43dd0 JavaThread "pool-1-thread-1"                   [_thread_blocked, id=2668, stack(0x0000005d84100000,0x0000005d84200000) (1024K)]
  0x000001a0c5676f00 JavaThread "Worker-11"                         [_thread_blocked, id=20276, stack(0x0000005d80e00000,0x0000005d80f00000) (1024K)]
  0x000001a0c5673a80 JavaThread "ForkJoinPool.commonPool-worker-28" daemon [_thread_blocked, id=23468, stack(0x0000005d80c00000,0x0000005d80d00000) (1024K)]
  0x000001a0c56782b0 JavaThread "ForkJoinPool.commonPool-worker-29" daemon [_thread_blocked, id=7696, stack(0x0000005d80d00000,0x0000005d80e00000) (1024K)]
  0x000001a0c5677590 JavaThread "ForkJoinPool.commonPool-worker-30" daemon [_thread_blocked, id=8896, stack(0x0000005d82c00000,0x0000005d82d00000) (1024K)]
  0x000001a0c5674110 JavaThread "ForkJoinPool.commonPool-worker-31" daemon [_thread_blocked, id=24596, stack(0x0000005d82d00000,0x0000005d82e00000) (1024K)]
  0x000001a0c5674e30 JavaThread "ForkJoinPool.commonPool-worker-32" daemon [_thread_blocked, id=24280, stack(0x0000005d83000000,0x0000005d83100000) (1024K)]
  0x000001a0c5678940 JavaThread "ForkJoinPool.commonPool-worker-33" daemon [_thread_blocked, id=19572, stack(0x0000005d83100000,0x0000005d83200000) (1024K)]
  0x000001a0c5675b50 JavaThread "ForkJoinPool.commonPool-worker-34" daemon [_thread_blocked, id=20244, stack(0x0000005d83200000,0x0000005d83300000) (1024K)]
  0x000001a0c56726d0 JavaThread "Cleaner-0"                  daemon [_thread_blocked, id=2040, stack(0x0000005d83400000,0x0000005d83500000) (1024K)]
  0x000001a0c5e41670 JavaThread "Worker-15"                         [_thread_blocked, id=24888, stack(0x0000005d83300000,0x0000005d83400000) (1024K)]
Total: 42

Other Threads:
  0x000001a0fc5b1230 VMThread "VM Thread"                           [id=19312, stack(0x0000005d81200000,0x0000005d81300000) (1024K)]
  0x000001a0e5bc2da0 WatcherThread "VM Periodic Task Thread"        [id=2976, stack(0x0000005d81100000,0x0000005d81200000) (1024K)]
  0x000001a0e5b758d0 WorkerThread "GC Thread#0"                     [id=14040, stack(0x0000005d81000000,0x0000005d81100000) (1024K)]
  0x000001a0fe4b5bc0 WorkerThread "GC Thread#1"                     [id=1792, stack(0x0000005d81d00000,0x0000005d81e00000) (1024K)]
  0x000001a0fe4fed30 WorkerThread "GC Thread#2"                     [id=17184, stack(0x0000005d81e00000,0x0000005d81f00000) (1024K)]
  0x000001a0fe4ff0d0 WorkerThread "GC Thread#3"                     [id=4012, stack(0x0000005d81f00000,0x0000005d82000000) (1024K)]
  0x000001a0fe7abfb0 WorkerThread "GC Thread#4"                     [id=10676, stack(0x0000005d82000000,0x0000005d82100000) (1024K)]
  0x000001a0fe81a840 WorkerThread "GC Thread#5"                     [id=15748, stack(0x0000005d82100000,0x0000005d82200000) (1024K)]
  0x000001a0fe81abe0 WorkerThread "GC Thread#6"                     [id=3052, stack(0x0000005d82200000,0x0000005d82300000) (1024K)]
  0x000001a0fe575d20 WorkerThread "GC Thread#7"                     [id=15372, stack(0x0000005d82500000,0x0000005d82600000) (1024K)]
Total: 10

Threads with active compile tasks:
Total: 0

VM state: not at safepoint (normal execution)

VM Mutex/Monitor currently owned by a thread: None

Heap address: 0x0000000080000000, size: 2048 MB, Compressed Oops mode: 32-bit

CDS archive(s) mapped at: [0x000001a080000000-0x000001a080ba0000-0x000001a080ba0000), size 12189696, SharedBaseAddress: 0x000001a080000000, ArchiveRelocationMode: 1.
Compressed class space mapped at: 0x000001a081000000-0x000001a0c1000000, reserved size: 1073741824
Narrow klass base: 0x000001a080000000, Narrow klass shift: 0, Narrow klass range: 0x100000000

GC Precious Log:
 CardTable entry size: 512
 CPUs: 8 total, 8 available
 Memory: 14278M
 Large Page Support: Disabled
 NUMA Support: Disabled
 Compressed Oops: Enabled (32-bit)
 Alignments: Space 512K, Generation 512K, Heap 2M
 Heap Min Capacity: 100M
 Heap Initial Capacity: 100M
 Heap Max Capacity: 2G
 Pre-touch: Disabled
 Parallel Workers: 8

Heap:
 PSYoungGen      total 3072K, used 1056K [0x00000000d5580000, 0x00000000d5900000, 0x0000000100000000)
  eden space 2048K, 35% used [0x00000000d5580000,0x00000000d5638078,0x00000000d5780000)
  from space 1024K, 31% used [0x00000000d5780000,0x00000000d57d0000,0x00000000d5880000)
  to   space 512K, 0% used [0x00000000d5880000,0x00000000d5880000,0x00000000d5900000)
 ParOldGen       total 380928K, used 380821K [0x0000000080000000, 0x0000000097400000, 0x00000000d5580000)
  object space 380928K, 99% used [0x0000000080000000,0x00000000973e5680,0x0000000097400000)
 Metaspace       used 80587K, committed 82176K, reserved 1179648K
  class space    used 8382K, committed 9088K, reserved 1048576K

Card table byte_map: [0x000001a0e5530000,0x000001a0e5940000] _byte_map_base: 0x000001a0e5130000

Marking Bits: (ParMarkBitMap*) 0x00007ffd02e82460
 Begin Bits: [0x000001a0f8010000, 0x000001a0fa010000)
 End Bits:   [0x000001a0fa010000, 0x000001a0fc010000)

Polling page: 0x000001a0e5320000

Metaspace:

Usage:
  Non-class:     70.51 MB used.
      Class:      8.19 MB used.
       Both:     78.70 MB used.

Virtual space:
  Non-class space:      128.00 MB reserved,      71.38 MB ( 56%) committed,  2 nodes.
      Class space:        1.00 GB reserved,       8.88 MB ( <1%) committed,  1 nodes.
             Both:        1.12 GB reserved,      80.25 MB (  7%) committed. 

Chunk freelists:
   Non-Class:  7.81 MB
       Class:  7.16 MB
        Both:  14.97 MB

MaxMetaspaceSize: unlimited
CompressedClassSpaceSize: 1.00 GB
Initial GC threshold: 21.00 MB
Current GC threshold: 97.31 MB
CDS: on
 - commit_granule_bytes: 65536.
 - commit_granule_words: 8192.
 - virtual_space_node_default_size: 8388608.
 - enlarge_chunks_in_place: 1.
 - use_allocation_guard: 0.


Internal statistics:

num_allocs_failed_limit: 11.
num_arena_births: 1448.
num_arena_deaths: 18.
num_vsnodes_births: 3.
num_vsnodes_deaths: 0.
num_space_committed: 1284.
num_space_uncommitted: 0.
num_chunks_returned_to_freelist: 30.
num_chunks_taken_from_freelist: 5119.
num_chunk_merges: 9.
num_chunk_splits: 3141.
num_chunks_enlarged: 1794.
num_inconsistent_stats: 0.

CodeHeap 'non-profiled nmethods': size=120000Kb used=14792Kb max_used=14792Kb free=105207Kb
 bounds [0x000001a0f0830000, 0x000001a0f16b0000, 0x000001a0f7d60000]
CodeHeap 'profiled nmethods': size=120000Kb used=38831Kb max_used=38831Kb free=81168Kb
 bounds [0x000001a0e8d60000, 0x000001a0eb350000, 0x000001a0f0290000]
CodeHeap 'non-nmethods': size=5760Kb used=1511Kb max_used=1588Kb free=4249Kb
 bounds [0x000001a0f0290000, 0x000001a0f0500000, 0x000001a0f0830000]
CodeCache: size=245760Kb, used=55134Kb, max_used=55211Kb, free=190624Kb
 total_blobs=17003, nmethods=16171, adapters=736, full_count=0
Compilation: enabled, stopped_count=0, restarted_count=0

Compilation events (20 events):
Event: 31719.515 Thread 0x000001a0fc5d5a90 16976       3       org.eclipse.lsp4j.jsonrpc.services.GenericEndpoint$$Lambda/0x000001a08142fad0::apply (17 bytes)
Event: 31719.516 Thread 0x000001a0fc5d5a90 nmethod 16976 0x000001a0eb346310 code [0x000001a0eb3464c0, 0x000001a0eb346618]
Event: 31719.516 Thread 0x000001a0fc5d5a90 16977   !   3       org.eclipse.lsp4j.jsonrpc.services.GenericEndpoint::lambda$recursiveFindRpcMethods$0 (100 bytes)
Event: 31719.517 Thread 0x000001a0fc5d5a90 nmethod 16977 0x000001a0eb346710 code [0x000001a0eb3469e0, 0x000001a0eb347950]
Event: 31719.517 Thread 0x000001a0fc5d5a90 16978       3       org.eclipse.jdt.core.dom.PackageDeclaration::accept0 (54 bytes)
Event: 31719.518 Thread 0x000001a0fc5d5a90 nmethod 16978 0x000001a0eb348010 code [0x000001a0eb348260, 0x000001a0eb3489b0]
Event: 31719.929 Thread 0x000001a0fc5d5a90 16979       3       org.eclipse.jdt.internal.compiler.impl.IrritantSet::initialize (24 bytes)
Event: 31719.929 Thread 0x000001a0fc5d5a90 nmethod 16979 0x000001a0eb348c90 code [0x000001a0eb348e40, 0x000001a0eb349108]
Event: 31719.929 Thread 0x000001a0fc5d5a90 16980       3       org.eclipse.lsp4j.jsonrpc.json.adapters.MessageTypeAdapter::writeId (54 bytes)
Event: 31719.930 Thread 0x000001a0fc5d5a90 nmethod 16980 0x000001a0eb349210 code [0x000001a0eb349480, 0x000001a0eb34a1c8]
Event: 31719.943 Thread 0x000001a0fc5d4f50 16981       4       org.eclipse.jdt.internal.core.ClasspathEntry::combineWith (240 bytes)
Event: 31719.959 Thread 0x000001a0fc5d4f50 nmethod 16981 0x000001a0f16a0690 code [0x000001a0f16a08e0, 0x000001a0f16a13f8]
Event: 31719.959 Thread 0x000001a0fc5d4f50 16982       4       org.eclipse.jdt.internal.core.PackageFragmentRoot::isComplianceJava9OrHigher (10 bytes)
Event: 31719.960 Thread 0x000001a0fc5d4f50 nmethod 16982 0x000001a0f16a1c10 code [0x000001a0f16a1dc0, 0x000001a0f16a1f10]
Event: 31720.566 Thread 0x000001a0fc5d5a90 16983       1       org.eclipse.jdt.ls.core.internal.preferences.Preferences::getInlayHintsParameterMode (5 bytes)
Event: 31720.571 Thread 0x000001a0fc5d5a90 nmethod 16983 0x000001a0f16a2090 code [0x000001a0f16a2220, 0x000001a0f16a22f0]
Event: 31781.949 Thread 0x000001a0fc5d5a90 16984       3       org.eclipse.jdt.ls.core.internal.JavaLanguageServerPlugin::debugTrace (41 bytes)
Event: 31781.951 Thread 0x000001a0fc5d5a90 nmethod 16984 0x000001a0eb34a510 code [0x000001a0eb34a7c0, 0x000001a0eb34b350]
Event: 31781.951 Thread 0x000001a0fc5d5a90 16985       3       org.eclipse.jdt.ls.core.internal.handlers.ProgressReporterManager$ProgressReporter::beginTask (15 bytes)
Event: 31781.952 Thread 0x000001a0fc5d5a90 nmethod 16985 0x000001a0eb34b910 code [0x000001a0eb34bac0, 0x000001a0eb34bc18]

GC Heap History (20 events):
Event: 31695.845 GC heap before
{Heap before GC invocations=459 (full 3):
 PSYoungGen      total 3072K, used 2591K [0x00000000d5580000, 0x00000000d5980000, 0x0000000100000000)
  eden space 2048K, 99% used [0x00000000d5580000,0x00000000d577ffe8,0x00000000d5780000)
  from space 1024K, 53% used [0x00000000d5780000,0x00000000d5808000,0x00000000d5880000)
  to   space 1024K, 0% used [0x00000000d5880000,0x00000000d5880000,0x00000000d5980000)
 ParOldGen       total 377856K, used 377565K [0x0000000080000000, 0x0000000097100000, 0x00000000d5580000)
  object space 377856K, 99% used [0x0000000080000000,0x00000000970b7688,0x0000000097100000)
 Metaspace       used 80169K, committed 81792K, reserved 1179648K
  class space    used 8354K, committed 9088K, reserved 1048576K
}
Event: 31695.848 GC heap after
{Heap after GC invocations=459 (full 3):
 PSYoungGen      total 3072K, used 644K [0x00000000d5580000, 0x00000000d5980000, 0x0000000100000000)
  eden space 2048K, 0% used [0x00000000d5580000,0x00000000d5580000,0x00000000d5780000)
  from space 1024K, 62% used [0x00000000d5880000,0x00000000d5921210,0x00000000d5980000)
  to   space 1024K, 0% used [0x00000000d5780000,0x00000000d5780000,0x00000000d5880000)
 ParOldGen       total 378368K, used 378033K [0x0000000080000000, 0x0000000097180000, 0x00000000d5580000)
  object space 378368K, 99% used [0x0000000080000000,0x000000009712c698,0x0000000097180000)
 Metaspace       used 80169K, committed 81792K, reserved 1179648K
  class space    used 8354K, committed 9088K, reserved 1048576K
}
Event: 31695.868 GC heap before
{Heap before GC invocations=460 (full 3):
 PSYoungGen      total 3072K, used 2692K [0x00000000d5580000, 0x00000000d5980000, 0x0000000100000000)
  eden space 2048K, 100% used [0x00000000d5580000,0x00000000d5780000,0x00000000d5780000)
  from space 1024K, 62% used [0x00000000d5880000,0x00000000d5921210,0x00000000d5980000)
  to   space 1024K, 0% used [0x00000000d5780000,0x00000000d5780000,0x00000000d5880000)
 ParOldGen       total 378368K, used 378033K [0x0000000080000000, 0x0000000097180000, 0x00000000d5580000)
  object space 378368K, 99% used [0x0000000080000000,0x000000009712c698,0x0000000097180000)
 Metaspace       used 80172K, committed 81792K, reserved 1179648K
  class space    used 8354K, committed 9088K, reserved 1048576K
}
Event: 31695.871 GC heap after
{Heap after GC invocations=460 (full 3):
 PSYoungGen      total 3072K, used 576K [0x00000000d5580000, 0x00000000d5980000, 0x0000000100000000)
  eden space 2048K, 0% used [0x00000000d5580000,0x00000000d5580000,0x00000000d5780000)
  from space 1024K, 56% used [0x00000000d5780000,0x00000000d5810000,0x00000000d5880000)
  to   space 1024K, 0% used [0x00000000d5880000,0x00000000d5880000,0x00000000d5980000)
 ParOldGen       total 378880K, used 378570K [0x0000000080000000, 0x0000000097200000, 0x00000000d5580000)
  object space 378880K, 99% used [0x0000000080000000,0x00000000971b2ad0,0x0000000097200000)
 Metaspace       used 80172K, committed 81792K, reserved 1179648K
  class space    used 8354K, committed 9088K, reserved 1048576K
}
Event: 31701.339 GC heap before
{Heap before GC invocations=461 (full 3):
 PSYoungGen      total 3072K, used 2623K [0x00000000d5580000, 0x00000000d5980000, 0x0000000100000000)
  eden space 2048K, 99% used [0x00000000d5580000,0x00000000d577fff8,0x00000000d5780000)
  from space 1024K, 56% used [0x00000000d5780000,0x00000000d5810000,0x00000000d5880000)
  to   space 1024K, 0% used [0x00000000d5880000,0x00000000d5880000,0x00000000d5980000)
 ParOldGen       total 378880K, used 378570K [0x0000000080000000, 0x0000000097200000, 0x00000000d5580000)
  object space 378880K, 99% used [0x0000000080000000,0x00000000971b2ad0,0x0000000097200000)
 Metaspace       used 80227K, committed 81856K, reserved 1179648K
  class space    used 8354K, committed 9088K, reserved 1048576K
}
Event: 31701.342 GC heap after
{Heap after GC invocations=461 (full 3):
 PSYoungGen      total 2560K, used 352K [0x00000000d5580000, 0x00000000d5900000, 0x0000000100000000)
  eden space 2048K, 0% used [0x00000000d5580000,0x00000000d5580000,0x00000000d5780000)
  from space 512K, 68% used [0x00000000d5880000,0x00000000d58d8000,0x00000000d5900000)
  to   space 512K, 0% used [0x00000000d5800000,0x00000000d5800000,0x00000000d5880000)
 ParOldGen       total 379392K, used 379054K [0x0000000080000000, 0x0000000097280000, 0x00000000d5580000)
  object space 379392K, 99% used [0x0000000080000000,0x000000009722bae0,0x0000000097280000)
 Metaspace       used 80227K, committed 81856K, reserved 1179648K
  class space    used 8354K, committed 9088K, reserved 1048576K
}
Event: 31701.349 GC heap before
{Heap before GC invocations=462 (full 3):
 PSYoungGen      total 2560K, used 2400K [0x00000000d5580000, 0x00000000d5900000, 0x0000000100000000)
  eden space 2048K, 100% used [0x00000000d5580000,0x00000000d5780000,0x00000000d5780000)
  from space 512K, 68% used [0x00000000d5880000,0x00000000d58d8000,0x00000000d5900000)
  to   space 512K, 0% used [0x00000000d5800000,0x00000000d5800000,0x00000000d5880000)
 ParOldGen       total 379392K, used 379054K [0x0000000080000000, 0x0000000097280000, 0x00000000d5580000)
  object space 379392K, 99% used [0x0000000080000000,0x000000009722bae0,0x0000000097280000)
 Metaspace       used 80227K, committed 81856K, reserved 1179648K
  class space    used 8354K, committed 9088K, reserved 1048576K
}
Event: 31701.351 GC heap after
{Heap after GC invocations=462 (full 3):
 PSYoungGen      total 2560K, used 388K [0x00000000d5580000, 0x00000000d5900000, 0x0000000100000000)
  eden space 2048K, 0% used [0x00000000d5580000,0x00000000d5580000,0x00000000d5780000)
  from space 512K, 75% used [0x00000000d5800000,0x00000000d5861210,0x00000000d5880000)
  to   space 512K, 0% used [0x00000000d5880000,0x00000000d5880000,0x00000000d5900000)
 ParOldGen       total 379392K, used 379292K [0x0000000080000000, 0x0000000097280000, 0x00000000d5580000)
  object space 379392K, 99% used [0x0000000080000000,0x0000000097267260,0x0000000097280000)
 Metaspace       used 80227K, committed 81856K, reserved 1179648K
  class space    used 8354K, committed 9088K, reserved 1048576K
}
Event: 31701.385 GC heap before
{Heap before GC invocations=463 (full 3):
 PSYoungGen      total 2560K, used 2436K [0x00000000d5580000, 0x00000000d5900000, 0x0000000100000000)
  eden space 2048K, 100% used [0x00000000d5580000,0x00000000d5780000,0x00000000d5780000)
  from space 512K, 75% used [0x00000000d5800000,0x00000000d5861210,0x00000000d5880000)
  to   space 512K, 0% used [0x00000000d5880000,0x00000000d5880000,0x00000000d5900000)
 ParOldGen       total 379392K, used 379292K [0x0000000080000000, 0x0000000097280000, 0x00000000d5580000)
  object space 379392K, 99% used [0x0000000080000000,0x0000000097267260,0x0000000097280000)
 Metaspace       used 80261K, committed 81920K, reserved 1179648K
  class space    used 8355K, committed 9088K, reserved 1048576K
}
Event: 31701.388 GC heap after
{Heap after GC invocations=463 (full 3):
 PSYoungGen      total 2560K, used 448K [0x00000000d5580000, 0x00000000d5900000, 0x0000000100000000)
  eden space 2048K, 0% used [0x00000000d5580000,0x00000000d5580000,0x00000000d5780000)
  from space 512K, 87% used [0x00000000d5880000,0x00000000d58f0000,0x00000000d5900000)
  to   space 512K, 0% used [0x00000000d5800000,0x00000000d5800000,0x00000000d5880000)
 ParOldGen       total 379904K, used 379601K [0x0000000080000000, 0x0000000097300000, 0x00000000d5580000)
  object space 379904K, 99% used [0x0000000080000000,0x00000000972b4470,0x0000000097300000)
 Metaspace       used 80261K, committed 81920K, reserved 1179648K
  class space    used 8355K, committed 9088K, reserved 1048576K
}
Event: 31701.667 GC heap before
{Heap before GC invocations=464 (full 3):
 PSYoungGen      total 2560K, used 2496K [0x00000000d5580000, 0x00000000d5900000, 0x0000000100000000)
  eden space 2048K, 100% used [0x00000000d5580000,0x00000000d5780000,0x00000000d5780000)
  from space 512K, 87% used [0x00000000d5880000,0x00000000d58f0000,0x00000000d5900000)
  to   space 512K, 0% used [0x00000000d5800000,0x00000000d5800000,0x00000000d5880000)
 ParOldGen       total 379904K, used 379601K [0x0000000080000000, 0x0000000097300000, 0x00000000d5580000)
  object space 379904K, 99% used [0x0000000080000000,0x00000000972b4470,0x0000000097300000)
 Metaspace       used 80460K, committed 82048K, reserved 1179648K
  class space    used 8374K, committed 9088K, reserved 1048576K
}
Event: 31701.669 GC heap after
{Heap after GC invocations=464 (full 3):
 PSYoungGen      total 2560K, used 224K [0x00000000d5580000, 0x00000000d5900000, 0x0000000100000000)
  eden space 2048K, 0% used [0x00000000d5580000,0x00000000d5580000,0x00000000d5780000)
  from space 512K, 43% used [0x00000000d5800000,0x00000000d5838000,0x00000000d5880000)
  to   space 512K, 0% used [0x00000000d5880000,0x00000000d5880000,0x00000000d5900000)
 ParOldGen       total 380416K, used 379929K [0x0000000080000000, 0x0000000097380000, 0x00000000d5580000)
  object space 380416K, 99% used [0x0000000080000000,0x0000000097306470,0x0000000097380000)
 Metaspace       used 80460K, committed 82048K, reserved 1179648K
  class space    used 8374K, committed 9088K, reserved 1048576K
}
Event: 31702.424 GC heap before
{Heap before GC invocations=465 (full 3):
 PSYoungGen      total 2560K, used 2264K [0x00000000d5580000, 0x00000000d5900000, 0x0000000100000000)
  eden space 2048K, 99% used [0x00000000d5580000,0x00000000d577e2e8,0x00000000d5780000)
  from space 512K, 43% used [0x00000000d5800000,0x00000000d5838000,0x00000000d5880000)
  to   space 512K, 0% used [0x00000000d5880000,0x00000000d5880000,0x00000000d5900000)
 ParOldGen       total 380416K, used 379929K [0x0000000080000000, 0x0000000097380000, 0x00000000d5580000)
  object space 380416K, 99% used [0x0000000080000000,0x0000000097306470,0x0000000097380000)
 Metaspace       used 80520K, committed 82112K, reserved 1179648K
  class space    used 8377K, committed 9088K, reserved 1048576K
}
Event: 31702.426 GC heap after
{Heap after GC invocations=465 (full 3):
 PSYoungGen      total 2560K, used 224K [0x00000000d5580000, 0x00000000d5900000, 0x0000000100000000)
  eden space 2048K, 0% used [0x00000000d5580000,0x00000000d5580000,0x00000000d5780000)
  from space 512K, 43% used [0x00000000d5880000,0x00000000d58b8000,0x00000000d5900000)
  to   space 512K, 0% used [0x00000000d5800000,0x00000000d5800000,0x00000000d5880000)
 ParOldGen       total 380416K, used 380041K [0x0000000080000000, 0x0000000097380000, 0x00000000d5580000)
  object space 380416K, 99% used [0x0000000080000000,0x0000000097322470,0x0000000097380000)
 Metaspace       used 80520K, committed 82112K, reserved 1179648K
  class space    used 8377K, committed 9088K, reserved 1048576K
}
Event: 31702.706 GC heap before
{Heap before GC invocations=466 (full 3):
 PSYoungGen      total 2560K, used 2272K [0x00000000d5580000, 0x00000000d5900000, 0x0000000100000000)
  eden space 2048K, 100% used [0x00000000d5580000,0x00000000d5780000,0x00000000d5780000)
  from space 512K, 43% used [0x00000000d5880000,0x00000000d58b8000,0x00000000d5900000)
  to   space 512K, 0% used [0x00000000d5800000,0x00000000d5800000,0x00000000d5880000)
 ParOldGen       total 380416K, used 380041K [0x0000000080000000, 0x0000000097380000, 0x00000000d5580000)
  object space 380416K, 99% used [0x0000000080000000,0x0000000097322470,0x0000000097380000)
 Metaspace       used 80521K, committed 82112K, reserved 1179648K
  class space    used 8377K, committed 9088K, reserved 1048576K
}
Event: 31702.709 GC heap after
{Heap after GC invocations=466 (full 3):
 PSYoungGen      total 2560K, used 506K [0x00000000d5580000, 0x00000000d5980000, 0x0000000100000000)
  eden space 2048K, 0% used [0x00000000d5580000,0x00000000d5580000,0x00000000d5780000)
  from space 512K, 98% used [0x00000000d5800000,0x00000000d587e900,0x00000000d5880000)
  to   space 1024K, 0% used [0x00000000d5880000,0x00000000d5880000,0x00000000d5980000)
 ParOldGen       total 380416K, used 380281K [0x0000000080000000, 0x0000000097380000, 0x00000000d5580000)
  object space 380416K, 99% used [0x0000000080000000,0x000000009735e470,0x0000000097380000)
 Metaspace       used 80521K, committed 82112K, reserved 1179648K
  class space    used 8377K, committed 9088K, reserved 1048576K
}
Event: 31702.723 GC heap before
{Heap before GC invocations=467 (full 3):
 PSYoungGen      total 2560K, used 2554K [0x00000000d5580000, 0x00000000d5980000, 0x0000000100000000)
  eden space 2048K, 100% used [0x00000000d5580000,0x00000000d5780000,0x00000000d5780000)
  from space 512K, 98% used [0x00000000d5800000,0x00000000d587e900,0x00000000d5880000)
  to   space 1024K, 0% used [0x00000000d5880000,0x00000000d5880000,0x00000000d5980000)
 ParOldGen       total 380416K, used 380281K [0x0000000080000000, 0x0000000097380000, 0x00000000d5580000)
  object space 380416K, 99% used [0x0000000080000000,0x000000009735e470,0x0000000097380000)
 Metaspace       used 80552K, committed 82176K, reserved 1179648K
  class space    used 8378K, committed 9088K, reserved 1048576K
}
Event: 31702.726 GC heap after
{Heap after GC invocations=467 (full 3):
 PSYoungGen      total 3072K, used 612K [0x00000000d5580000, 0x00000000d5980000, 0x0000000100000000)
  eden space 2048K, 0% used [0x00000000d5580000,0x00000000d5580000,0x00000000d5780000)
  from space 1024K, 59% used [0x00000000d5880000,0x00000000d5919210,0x00000000d5980000)
  to   space 1024K, 0% used [0x00000000d5780000,0x00000000d5780000,0x00000000d5880000)
 ParOldGen       total 380928K, used 380717K [0x0000000080000000, 0x0000000097400000, 0x00000000d5580000)
  object space 380928K, 99% used [0x0000000080000000,0x00000000973cb680,0x0000000097400000)
 Metaspace       used 80552K, committed 82176K, reserved 1179648K
  class space    used 8378K, committed 9088K, reserved 1048576K
}
Event: 31719.944 GC heap before
{Heap before GC invocations=468 (full 3):
 PSYoungGen      total 3072K, used 2660K [0x00000000d5580000, 0x00000000d5980000, 0x0000000100000000)
  eden space 2048K, 100% used [0x00000000d5580000,0x00000000d5780000,0x00000000d5780000)
  from space 1024K, 59% used [0x00000000d5880000,0x00000000d5919210,0x00000000d5980000)
  to   space 1024K, 0% used [0x00000000d5780000,0x00000000d5780000,0x00000000d5880000)
 ParOldGen       total 380928K, used 380717K [0x0000000080000000, 0x0000000097400000, 0x00000000d5580000)
  object space 380928K, 99% used [0x0000000080000000,0x00000000973cb680,0x0000000097400000)
 Metaspace       used 80585K, committed 82176K, reserved 1179648K
  class space    used 8382K, committed 9088K, reserved 1048576K
}
Event: 31719.947 GC heap after
{Heap after GC invocations=468 (full 3):
 PSYoungGen      total 3072K, used 320K [0x00000000d5580000, 0x00000000d5900000, 0x0000000100000000)
  eden space 2048K, 0% used [0x00000000d5580000,0x00000000d5580000,0x00000000d5780000)
  from space 1024K, 31% used [0x00000000d5780000,0x00000000d57d0000,0x00000000d5880000)
  to   space 512K, 0% used [0x00000000d5880000,0x00000000d5880000,0x00000000d5900000)
 ParOldGen       total 380928K, used 380821K [0x0000000080000000, 0x0000000097400000, 0x00000000d5580000)
  object space 380928K, 99% used [0x0000000080000000,0x00000000973e5680,0x0000000097400000)
 Metaspace       used 80585K, committed 82176K, reserved 1179648K
  class space    used 8382K, committed 9088K, reserved 1048576K
}

Dll operation events (12 events):
Event: 0.019 Loaded shared library c:\Users\hp\.vscode\extensions\redhat.java-1.50.0-win32-x64\jre\21.0.9-win32-x86_64\bin\java.dll
Event: 0.283 Loaded shared library c:\Users\hp\.vscode\extensions\redhat.java-1.50.0-win32-x64\jre\21.0.9-win32-x86_64\bin\zip.dll
Event: 0.336 Loaded shared library C:\Users\hp\.vscode\extensions\redhat.java-1.50.0-win32-x64\jre\21.0.9-win32-x86_64\bin\instrument.dll
Event: 0.347 Loaded shared library C:\Users\hp\.vscode\extensions\redhat.java-1.50.0-win32-x64\jre\21.0.9-win32-x86_64\bin\net.dll
Event: 0.354 Loaded shared library C:\Users\hp\.vscode\extensions\redhat.java-1.50.0-win32-x64\jre\21.0.9-win32-x86_64\bin\nio.dll
Event: 0.363 Loaded shared library C:\Users\hp\.vscode\extensions\redhat.java-1.50.0-win32-x64\jre\21.0.9-win32-x86_64\bin\zip.dll
Event: 0.410 Loaded shared library C:\Users\hp\.vscode\extensions\redhat.java-1.50.0-win32-x64\jre\21.0.9-win32-x86_64\bin\jimage.dll
Event: 0.683 Loaded shared library c:\Users\hp\.vscode\extensions\redhat.java-1.50.0-win32-x64\jre\21.0.9-win32-x86_64\bin\verify.dll
Event: 16.832 Loaded shared library C:\Users\hp\AppData\Roaming\Code\User\globalStorage\redhat.java\1.50.0\config_win\org.eclipse.equinox.launcher\org.eclipse.equinox.launcher.win32.win32.x86_64_1.2.1400.v20250801-0854\eclipse_11916.dll
Event: 47.942 Loaded shared library C:\Users\hp\AppData\Local\Temp\jna-3336\jna10768732478584316690.dll
Event: 51.923 Loaded shared library C:\Users\hp\.vscode\extensions\redhat.java-1.50.0-win32-x64\jre\21.0.9-win32-x86_64\bin\sunmscapi.dll
Event: 53.061 Loaded shared library C:\Users\hp\.vscode\extensions\redhat.java-1.50.0-win32-x64\jre\21.0.9-win32-x86_64\bin\extnet.dll

Deoptimization events (20 events):
Event: 31701.621 Thread 0x000001a0c5677590 Uncommon trap: trap_request=0xffffff45 fr.pc=0x000001a0f11729dc relative=0x00000000000001fc
Event: 31701.621 Thread 0x000001a0c5677590 Uncommon trap: reason=unstable_if action=reinterpret pc=0x000001a0f11729dc method=org.eclipse.jface.text.DefaultLineTracker.nextDelimiterInfo(Ljava/lang/String;I)Lorg/eclipse/jface/text/AbstractLineTracker$DelimiterInfo; @ 118 c2
Event: 31701.621 Thread 0x000001a0c5677590 DEOPT PACKING pc=0x000001a0f11729dc sp=0x0000005d82cfe3e0
Event: 31701.621 Thread 0x000001a0c5677590 DEOPT UNPACKING pc=0x000001a0f02e3aa2 sp=0x0000005d82cfe358 mode 2
Event: 31701.629 Thread 0x000001a0c5677590 Uncommon trap: trap_request=0xffffffc6 fr.pc=0x000001a0f0fca60c relative=0x000000000000094c
Event: 31701.629 Thread 0x000001a0c5677590 Uncommon trap: reason=bimorphic_or_optimized_type_check action=maybe_recompile pc=0x000001a0f0fca60c method=java.util.regex.Pattern$CharProperty.match(Ljava/util/regex/Matcher;ILjava/lang/CharSequence;)Z @ 37 c2
Event: 31701.629 Thread 0x000001a0c5677590 DEOPT PACKING pc=0x000001a0f0fca60c sp=0x0000005d82cfe0d0
Event: 31701.629 Thread 0x000001a0c5677590 DEOPT UNPACKING pc=0x000001a0f02e3aa2 sp=0x0000005d82cfe010 mode 2
Event: 31701.629 Thread 0x000001a0c5677590 Uncommon trap: trap_request=0xffffffc6 fr.pc=0x000001a0f1695e38 relative=0x0000000000000398
Event: 31701.629 Thread 0x000001a0c5677590 Uncommon trap: reason=bimorphic_or_optimized_type_check action=maybe_recompile pc=0x000001a0f1695e38 method=java.util.regex.Pattern$CharProperty.match(Ljava/util/regex/Matcher;ILjava/lang/CharSequence;)Z @ 37 c2
Event: 31701.629 Thread 0x000001a0c5677590 DEOPT PACKING pc=0x000001a0f1695e38 sp=0x0000005d82cfdfd0
Event: 31701.629 Thread 0x000001a0c5677590 DEOPT UNPACKING pc=0x000001a0f02e3aa2 sp=0x0000005d82cfdf90 mode 2
Event: 31701.629 Thread 0x000001a0c5677590 Uncommon trap: trap_request=0xffffffc6 fr.pc=0x000001a0f1695e38 relative=0x0000000000000398
Event: 31701.629 Thread 0x000001a0c5677590 Uncommon trap: reason=bimorphic_or_optimized_type_check action=maybe_recompile pc=0x000001a0f1695e38 method=java.util.regex.Pattern$CharProperty.match(Ljava/util/regex/Matcher;ILjava/lang/CharSequence;)Z @ 37 c2
Event: 31701.629 Thread 0x000001a0c5677590 DEOPT PACKING pc=0x000001a0f1695e38 sp=0x0000005d82cfdfd0
Event: 31701.629 Thread 0x000001a0c5677590 DEOPT UNPACKING pc=0x000001a0f02e3aa2 sp=0x0000005d82cfdf90 mode 2
Event: 31701.629 Thread 0x000001a0c5677590 Uncommon trap: trap_request=0xffffffc6 fr.pc=0x000001a0f1695e38 relative=0x0000000000000398
Event: 31701.629 Thread 0x000001a0c5677590 Uncommon trap: reason=bimorphic_or_optimized_type_check action=maybe_recompile pc=0x000001a0f1695e38 method=java.util.regex.Pattern$CharProperty.match(Ljava/util/regex/Matcher;ILjava/lang/CharSequence;)Z @ 37 c2
Event: 31701.629 Thread 0x000001a0c5677590 DEOPT PACKING pc=0x000001a0f1695e38 sp=0x0000005d82cfdfd0
Event: 31701.629 Thread 0x000001a0c5677590 DEOPT UNPACKING pc=0x000001a0f02e3aa2 sp=0x0000005d82cfdf90 mode 2

Classes loaded (20 events):
Event: 9859.228 Loading class sun/security/ssl/SSLEngineOutputRecord$RecordMemo done
Event: 9859.228 Loading class sun/security/ssl/SSLEngineOutputRecord$HandshakeMemo done
Event: 9859.290 Loading class sun/security/ssl/PreSharedKeyExtension$SHPreSharedKeySpec
Event: 9859.291 Loading class sun/security/ssl/PreSharedKeyExtension$SHPreSharedKeySpec done
Event: 9864.039 Loading class javax/xml/transform/TransformerConfigurationException
Event: 9864.040 Loading class javax/xml/transform/TransformerConfigurationException done
Event: 31628.137 Loading class java/util/stream/ReferencePipeline$4
Event: 31628.150 Loading class java/util/stream/ReferencePipeline$4 done
Event: 31628.164 Loading class java/util/stream/Nodes$IntFixedNodeBuilder
Event: 31628.169 Loading class java/util/stream/Node$Builder$OfInt
Event: 31628.174 Loading class java/util/stream/Node$Builder$OfInt done
Event: 31628.174 Loading class java/util/stream/Nodes$IntArrayNode
Event: 31628.182 Loading class java/util/stream/Nodes$IntArrayNode done
Event: 31628.182 Loading class java/util/stream/Nodes$IntFixedNodeBuilder done
Event: 31628.187 Loading class java/util/stream/ReferencePipeline$4$1
Event: 31628.194 Loading class java/util/stream/ReferencePipeline$4$1 done
Event: 31629.789 Loading class jdk/internal/event/SecurityPropertyModificationEvent
Event: 31629.794 Loading class jdk/internal/event/SecurityPropertyModificationEvent done
Event: 31632.105 Loading class jdk/internal/ref/CleanerImpl$InnocuousThreadFactory
Event: 31632.107 Loading class jdk/internal/ref/CleanerImpl$InnocuousThreadFactory done

Classes unloaded (9 events):
Event: 49.254 Thread 0x000001a0fc5b1230 Unloading class 0x000001a0811a2800 'java/lang/invoke/LambdaForm$MH+0x000001a0811a2800'
Event: 49.254 Thread 0x000001a0fc5b1230 Unloading class 0x000001a0811a2400 'java/lang/invoke/LambdaForm$MH+0x000001a0811a2400'
Event: 49.254 Thread 0x000001a0fc5b1230 Unloading class 0x000001a0811a2000 'java/lang/invoke/LambdaForm$MH+0x000001a0811a2000'
Event: 49.254 Thread 0x000001a0fc5b1230 Unloading class 0x000001a0811a1c00 'java/lang/invoke/LambdaForm$MH+0x000001a0811a1c00'
Event: 49.254 Thread 0x000001a0fc5b1230 Unloading class 0x000001a0811a1800 'java/lang/invoke/LambdaForm$BMH+0x000001a0811a1800'
Event: 49.254 Thread 0x000001a0fc5b1230 Unloading class 0x000001a0811a1400 'java/lang/invoke/LambdaForm$DMH+0x000001a0811a1400'
Event: 49.254 Thread 0x000001a0fc5b1230 Unloading class 0x000001a0811a0000 'java/lang/invoke/LambdaForm$DMH+0x000001a0811a0000'
Event: 87.276 Thread 0x000001a0fc5b1230 Unloading class 0x000001a081689400 'java/lang/invoke/LambdaForm$DMH+0x000001a081689400'
Event: 87.276 Thread 0x000001a0fc5b1230 Unloading class 0x000001a081689000 'java/lang/invoke/LambdaForm$DMH+0x000001a081689000'

Classes redefined (0 events):
No events

Internal exceptions (20 events):
Event: 9929.175 Thread 0x000001a0c5675b50 Exception <a 'sun/nio/fs/WindowsException'{0x00000000d59dab50}> (0x00000000d59dab50) 
thrown [s\src\hotspot\share\prims\jni.cpp, line 520]
Event: 9929.176 Thread 0x000001a0c5675b50 Exception <a 'sun/nio/fs/WindowsException'{0x00000000d59dba68}> (0x00000000d59dba68) 
thrown [s\src\hotspot\share\prims\jni.cpp, line 520]
Event: 9929.176 Thread 0x000001a0c5675b50 Exception <a 'sun/nio/fs/WindowsException'{0x00000000d59dc348}> (0x00000000d59dc348) 
thrown [s\src\hotspot\share\prims\jni.cpp, line 520]
Event: 9929.178 Thread 0x000001a0c5675b50 Exception <a 'sun/nio/fs/WindowsException'{0x00000000d59dded0}> (0x00000000d59dded0) 
thrown [s\src\hotspot\share\prims\jni.cpp, line 520]
Event: 9929.178 Thread 0x000001a0c5675b50 Exception <a 'sun/nio/fs/WindowsException'{0x00000000d59de7b0}> (0x00000000d59de7b0) 
thrown [s\src\hotspot\share\prims\jni.cpp, line 520]
Event: 9929.183 Thread 0x000001a0c5675b50 Exception <a 'sun/nio/fs/WindowsException'{0x00000000d59fd3a8}> (0x00000000d59fd3a8) 
thrown [s\src\hotspot\share\prims\jni.cpp, line 520]
Event: 9929.183 Thread 0x000001a0c5675b50 Exception <a 'sun/nio/fs/WindowsException'{0x00000000d59fdc88}> (0x00000000d59fdc88) 
thrown [s\src\hotspot\share\prims\jni.cpp, line 520]
Event: 11371.431 Thread 0x000001a0c5679660 Implicit null exception at 0x000001a0f1221c83 to 0x000001a0f1222e4c
Event: 31628.869 Thread 0x000001a0c5e43dd0 Exception <a 'java/lang/IncompatibleClassChangeError'{0x00000000d5cd8fb8}: Found class java.lang.Object, but interface was expected> (0x00000000d5cd8fb8) 
thrown [s\src\hotspot\share\interpreter\linkResolver.cpp, line 840]
Event: 31628.887 Thread 0x000001a0c5e43dd0 Exception <a 'java/lang/IncompatibleClassChangeError'{0x00000000d5d06c48}: Found class java.lang.Object, but interface was expected> (0x00000000d5d06c48) 
thrown [s\src\hotspot\share\interpreter\linkResolver.cpp, line 840]
Event: 31630.843 Thread 0x000001a0c56782b0 Implicit null exception at 0x000001a0f1258f06 to 0x000001a0f125c108
Event: 31630.844 Thread 0x000001a0c56782b0 Implicit null exception at 0x000001a0f1394b48 to 0x000001a0f13955a0
Event: 31630.844 Thread 0x000001a0c56782b0 Implicit null exception at 0x000001a0f12f815e to 0x000001a0f12f979c
Event: 31631.000 Thread 0x000001a0c56782b0 Implicit null exception at 0x000001a0f11deb5a to 0x000001a0f11debb3
Event: 31632.213 Thread 0x000001a0c5674e30 Exception <a 'java/lang/NoSuchMethodError'{0x00000000d57593b8}: 'java.lang.Object java.lang.invoke.DirectMethodHandle$Holder.newInvokeSpecial(java.lang.Object, int, java.lang.Object, java.lang.Object, java.lang.Object)'> (0x00000000d57593b8) 
thrown [s\src\hotspot\share\interpreter\linkResolver.cpp, line 773]
Event: 31634.049 Thread 0x000001a0c5674e30 Exception <a 'java/lang/NoSuchMethodError'{0x00000000d55a7f68}: 'java.lang.Object java.lang.invoke.DirectMethodHandle$Holder.newInvokeSpecial(java.lang.Object, java.lang.Object, int, java.lang.Object, java.lang.Object, java.lang.Object, java.lang.Object)'> (0x00000000d55a7f68) 
thrown [s\src\hotspot\share\interpreter\linkResolver.cpp, line 773]
Event: 31636.635 Thread 0x000001a0c5e43dd0 Exception <a 'java/lang/IncompatibleClassChangeError'{0x00000000d56cdcc0}: Found class java.lang.Object, but interface was expected> (0x00000000d56cdcc0) 
thrown [s\src\hotspot\share\interpreter\linkResolver.cpp, line 840]
Event: 31646.270 Thread 0x000001a0c5674e30 Exception <a 'java/lang/ArrayIndexOutOfBoundsException'{0x00000000d5757d78}: Index 3092 out of bounds for length 3091> (0x00000000d5757d78) 
thrown [s\src\hotspot\share\interpreter\interpreterRuntime.cpp, line 439]
Event: 31669.962 Thread 0x000001a0c5674110 Implicit null exception at 0x000001a0f15baf18 to 0x000001a0f15bb614
Event: 31669.962 Thread 0x000001a0c5673a80 Implicit null exception at 0x000001a0f15baf18 to 0x000001a0f15bb614

ZGC Phase Switch (0 events):
No events

VM Operations (20 events):
Event: 31701.385 Executing VM operation: ParallelGCFailedAllocation (Allocation Failure)
Event: 31701.388 Executing VM operation: ParallelGCFailedAllocation (Allocation Failure) done
Event: 31701.667 Executing VM operation: ParallelGCFailedAllocation (Allocation Failure)
Event: 31701.669 Executing VM operation: ParallelGCFailedAllocation (Allocation Failure) done
Event: 31702.424 Executing VM operation: ParallelGCFailedAllocation (Allocation Failure)
Event: 31702.426 Executing VM operation: ParallelGCFailedAllocation (Allocation Failure) done
Event: 31702.706 Executing VM operation: ParallelGCFailedAllocation (Allocation Failure)
Event: 31702.709 Executing VM operation: ParallelGCFailedAllocation (Allocation Failure) done
Event: 31702.723 Executing VM operation: ParallelGCFailedAllocation (Allocation Failure)
Event: 31702.726 Executing VM operation: ParallelGCFailedAllocation (Allocation Failure) done
Event: 31703.730 Executing VM operation: Cleanup
Event: 31703.730 Executing VM operation: Cleanup done
Event: 31719.944 Executing VM operation: ParallelGCFailedAllocation (Allocation Failure)
Event: 31719.947 Executing VM operation: ParallelGCFailedAllocation (Allocation Failure) done
Event: 31720.950 Executing VM operation: Cleanup
Event: 31720.950 Executing VM operation: Cleanup done
Event: 31749.571 Executing VM operation: HandshakeAllThreads (HandshakeForDeflation)
Event: 31749.571 Executing VM operation: HandshakeAllThreads (HandshakeForDeflation) done
Event: 31749.571 Executing VM operation: RendezvousGCThreads
Event: 31749.571 Executing VM operation: RendezvousGCThreads done

Memory protections (0 events):
No events

Nmethod flushes (20 events):
Event: 87.324 Thread 0x000001a0fc5b1230 flushing  nmethod 0x000001a0e9680210
Event: 87.324 Thread 0x000001a0fc5b1230 flushing  nmethod 0x000001a0e9691290
Event: 87.324 Thread 0x000001a0fc5b1230 flushing  nmethod 0x000001a0e9692890
Event: 87.324 Thread 0x000001a0fc5b1230 flushing  nmethod 0x000001a0e9693890
Event: 87.324 Thread 0x000001a0fc5b1230 flushing  nmethod 0x000001a0e9693d10
Event: 87.324 Thread 0x000001a0fc5b1230 flushing  nmethod 0x000001a0e9694890
Event: 87.324 Thread 0x000001a0fc5b1230 flushing  nmethod 0x000001a0e9694c90
Event: 87.324 Thread 0x000001a0fc5b1230 flushing  nmethod 0x000001a0e9695290
Event: 87.324 Thread 0x000001a0fc5b1230 flushing  nmethod 0x000001a0e9696710
Event: 87.324 Thread 0x000001a0fc5b1230 flushing  nmethod 0x000001a0e969f490
Event: 87.324 Thread 0x000001a0fc5b1230 flushing  nmethod 0x000001a0e969f910
Event: 87.324 Thread 0x000001a0fc5b1230 flushing  nmethod 0x000001a0e969fe90
Event: 87.324 Thread 0x000001a0fc5b1230 flushing  nmethod 0x000001a0e96a0590
Event: 87.324 Thread 0x000001a0fc5b1230 flushing  nmethod 0x000001a0e96a7490
Event: 87.324 Thread 0x000001a0fc5b1230 flushing  nmethod 0x000001a0e96a8e10
Event: 87.324 Thread 0x000001a0fc5b1230 flushing  nmethod 0x000001a0e96a9210
Event: 87.324 Thread 0x000001a0fc5b1230 flushing  nmethod 0x000001a0e96a9690
Event: 87.324 Thread 0x000001a0fc5b1230 flushing  nmethod 0x000001a0e96a9c90
Event: 87.324 Thread 0x000001a0fc5b1230 flushing  nmethod 0x000001a0e96aa090
Event: 87.324 Thread 0x000001a0fc5b1230 flushing  nmethod 0x000001a0e96ab610

Events (20 events):
Event: 31658.014 Thread 0x000001a0fc5d5a90 Thread added: 0x000001a0c6e6f4c0
Event: 31659.974 Thread 0x000001a0c6e6f4c0 Thread exited: 0x000001a0c6e6f4c0
Event: 31660.001 Thread 0x000001a0fc5d4f50 Thread added: 0x000001a0c6e716d0
Event: 31662.699 Thread 0x000001a0c6e716d0 Thread exited: 0x000001a0c6e716d0
Event: 31662.882 Thread 0x000001a0fc5d5a90 Thread added: 0x000001a0c6e6f4c0
Event: 31663.850 Thread 0x000001a0c6e6f4c0 Thread exited: 0x000001a0c6e6f4c0
Event: 31667.668 Thread 0x000001a0fc5d5a90 Thread added: 0x000001a0c6e6f4c0
Event: 31668.146 Thread 0x000001a0c6e6f4c0 Thread exited: 0x000001a0c6e6f4c0
Event: 31669.600 Thread 0x000001a0fc5d5a90 Thread added: 0x000001a0c6e6f4c0
Event: 31669.903 Thread 0x000001a0c6e6f4c0 Thread exited: 0x000001a0c6e6f4c0
Event: 31674.447 Thread 0x000001a0fc5d5a90 Thread added: 0x000001a0c6e716d0
Event: 31675.610 Thread 0x000001a0c6e716d0 Thread exited: 0x000001a0c6e716d0
Event: 31676.410 Thread 0x000001a0c5676f00 Thread added: 0x000001a0c5e41670
Event: 31692.287 Thread 0x000001a0fc5d5a90 Thread added: 0x000001a0c6e716d0
Event: 31692.807 Thread 0x000001a0c6e716d0 Thread exited: 0x000001a0c6e716d0
Event: 31693.969 Thread 0x000001a0fc5d4f50 Thread added: 0x000001a0c6e716d0
Event: 31695.790 Thread 0x000001a0c6e716d0 Thread exited: 0x000001a0c6e716d0
Event: 31695.882 Thread 0x000001a0fc5d5a90 Thread added: 0x000001a0c6e716d0
Event: 31700.926 Thread 0x000001a0c6e716d0 Thread exited: 0x000001a0c6e716d0
Event: 31762.706 Thread 0x000001a0c5676870 Thread exited: 0x000001a0c5676870


Dynamic libraries:
0x00007ff7b45c0000 - 0x00007ff7b45ce000 	c:\Users\hp\.vscode\extensions\redhat.java-1.50.0-win32-x64\jre\21.0.9-win32-x86_64\bin\java.exe
0x00007ffd3b1b0000 - 0x00007ffd3b3a8000 	C:\Windows\SYSTEM32\ntdll.dll
0x00007ffd3adc0000 - 0x00007ffd3ae82000 	C:\Windows\System32\KERNEL32.DLL
0x00007ffd38a10000 - 0x00007ffd38d06000 	C:\Windows\System32\KERNELBASE.dll
0x00007ffd390d0000 - 0x00007ffd391d0000 	C:\Windows\System32\ucrtbase.dll
0x00007ffd32cf0000 - 0x00007ffd32d0e000 	c:\Users\hp\.vscode\extensions\redhat.java-1.50.0-win32-x64\jre\21.0.9-win32-x86_64\bin\VCRUNTIME140.dll
0x00007ffd32cd0000 - 0x00007ffd32ce8000 	c:\Users\hp\.vscode\extensions\redhat.java-1.50.0-win32-x64\jre\21.0.9-win32-x86_64\bin\jli.dll
0x00007ffd39270000 - 0x00007ffd39411000 	C:\Windows\System32\USER32.dll
0x00007ffd27e70000 - 0x00007ffd2810b000 	C:\Windows\WinSxS\amd64_microsoft.windows.common-controls_6595b64144ccf1df_6.0.19041.6456_none_60b8a6cb71f64256\COMCTL32.dll
0x00007ffd38da0000 - 0x00007ffd38dc2000 	C:\Windows\System32\win32u.dll
0x00007ffd391d0000 - 0x00007ffd3926e000 	C:\Windows\System32\msvcrt.dll
0x00007ffd3a720000 - 0x00007ffd3a74b000 	C:\Windows\System32\GDI32.dll
0x00007ffd388f0000 - 0x00007ffd38a09000 	C:\Windows\System32\gdi32full.dll
0x00007ffd38e50000 - 0x00007ffd38eed000 	C:\Windows\System32\msvcp_win.dll
0x00007ffd3a880000 - 0x00007ffd3a8af000 	C:\Windows\System32\IMM32.DLL
0x00007ffd333e0000 - 0x00007ffd333ec000 	c:\Users\hp\.vscode\extensions\redhat.java-1.50.0-win32-x64\jre\21.0.9-win32-x86_64\bin\vcruntime140_1.dll
0x00007ffd32c40000 - 0x00007ffd32ccd000 	c:\Users\hp\.vscode\extensions\redhat.java-1.50.0-win32-x64\jre\21.0.9-win32-x86_64\bin\msvcp140.dll
0x00007ffd021c0000 - 0x00007ffd02f60000 	c:\Users\hp\.vscode\extensions\redhat.java-1.50.0-win32-x64\jre\21.0.9-win32-x86_64\bin\server\jvm.dll
0x00007ffd3ac10000 - 0x00007ffd3acc1000 	C:\Windows\System32\ADVAPI32.dll
0x00007ffd3a7e0000 - 0x00007ffd3a87f000 	C:\Windows\System32\sechost.dll
0x00007ffd3a3e0000 - 0x00007ffd3a500000 	C:\Windows\System32\RPCRT4.dll
0x00007ffd38dd0000 - 0x00007ffd38df7000 	C:\Windows\System32\bcrypt.dll
0x00007ffd3a5b0000 - 0x00007ffd3a61b000 	C:\Windows\System32\WS2_32.dll
0x00007ffd386a0000 - 0x00007ffd386eb000 	C:\Windows\SYSTEM32\POWRPROF.dll
0x00007ffd2dac0000 - 0x00007ffd2dae7000 	C:\Windows\SYSTEM32\WINMM.dll
0x00007ffd2daf0000 - 0x00007ffd2dafa000 	C:\Windows\SYSTEM32\VERSION.dll
0x00007ffd38670000 - 0x00007ffd38682000 	C:\Windows\SYSTEM32\UMPDC.dll
0x00007ffd36670000 - 0x00007ffd36682000 	C:\Windows\SYSTEM32\kernel.appcore.dll
0x00007ffd32c30000 - 0x00007ffd32c3a000 	c:\Users\hp\.vscode\extensions\redhat.java-1.50.0-win32-x64\jre\21.0.9-win32-x86_64\bin\jimage.dll
0x00007ffd23ec0000 - 0x00007ffd240c1000 	C:\Windows\SYSTEM32\DBGHELP.DLL
0x00007ffd23810000 - 0x00007ffd23844000 	C:\Windows\SYSTEM32\dbgcore.DLL
0x00007ffd38d10000 - 0x00007ffd38d92000 	C:\Windows\System32\bcryptPrimitives.dll
0x00007ffd32c20000 - 0x00007ffd32c2f000 	c:\Users\hp\.vscode\extensions\redhat.java-1.50.0-win32-x64\jre\21.0.9-win32-x86_64\bin\instrument.dll
0x00007ffd328b0000 - 0x00007ffd328d0000 	c:\Users\hp\.vscode\extensions\redhat.java-1.50.0-win32-x64\jre\21.0.9-win32-x86_64\bin\java.dll
0x00007ffd394e0000 - 0x00007ffd39c50000 	C:\Windows\System32\SHELL32.dll
0x00007ffd36870000 - 0x00007ffd37015000 	C:\Windows\SYSTEM32\windows.storage.dll
0x00007ffd3a8b0000 - 0x00007ffd3ac04000 	C:\Windows\System32\combase.dll
0x00007ffd380b0000 - 0x00007ffd380db000 	C:\Windows\SYSTEM32\Wldp.dll
0x00007ffd39c50000 - 0x00007ffd39d1d000 	C:\Windows\System32\OLEAUT32.dll
0x00007ffd39d20000 - 0x00007ffd39dcd000 	C:\Windows\System32\SHCORE.dll
0x00007ffd3ad60000 - 0x00007ffd3adbb000 	C:\Windows\System32\shlwapi.dll
0x00007ffd38770000 - 0x00007ffd38794000 	C:\Windows\SYSTEM32\profapi.dll
0x00007ffd31990000 - 0x00007ffd319a8000 	c:\Users\hp\.vscode\extensions\redhat.java-1.50.0-win32-x64\jre\21.0.9-win32-x86_64\bin\zip.dll
0x00007ffd32c10000 - 0x00007ffd32c20000 	C:\Users\hp\.vscode\extensions\redhat.java-1.50.0-win32-x64\jre\21.0.9-win32-x86_64\bin\net.dll
0x00007ffd2fdb0000 - 0x00007ffd2feba000 	C:\Windows\SYSTEM32\WINHTTP.dll
0x00007ffd37e90000 - 0x00007ffd37efa000 	C:\Windows\system32\mswsock.dll
0x00007ffd2a7e0000 - 0x00007ffd2a7f6000 	C:\Users\hp\.vscode\extensions\redhat.java-1.50.0-win32-x64\jre\21.0.9-win32-x86_64\bin\nio.dll
0x00007ffd324a0000 - 0x00007ffd324b0000 	c:\Users\hp\.vscode\extensions\redhat.java-1.50.0-win32-x64\jre\21.0.9-win32-x86_64\bin\verify.dll
0x00007ffd29c80000 - 0x00007ffd29cc4000 	C:\Users\hp\AppData\Roaming\Code\User\globalStorage\redhat.java\1.50.0\config_win\org.eclipse.equinox.launcher\org.eclipse.equinox.launcher.win32.win32.x86_64_1.2.1400.v20250801-0854\eclipse_11916.dll
0x00007ffd3ae90000 - 0x00007ffd3afbb000 	C:\Windows\System32\ole32.dll
0x00007ffd380f0000 - 0x00007ffd38108000 	C:\Windows\SYSTEM32\CRYPTSP.dll
0x00007ffd377d0000 - 0x00007ffd37808000 	C:\Windows\system32\rsaenh.dll
0x00007ffd38730000 - 0x00007ffd3875e000 	C:\Windows\SYSTEM32\USERENV.dll
0x00007ffd38020000 - 0x00007ffd3802c000 	C:\Windows\SYSTEM32\CRYPTBASE.dll
0x00007ffd37b90000 - 0x00007ffd37bcb000 	C:\Windows\SYSTEM32\IPHLPAPI.DLL
0x00007ffd3a760000 - 0x00007ffd3a768000 	C:\Windows\System32\NSI.dll
0x00007ffd09d80000 - 0x00007ffd09dc9000 	C:\Users\hp\AppData\Local\Temp\jna-3336\jna10768732478584316690.dll
0x00007ffd3a7d0000 - 0x00007ffd3a7d8000 	C:\Windows\System32\PSAPI.DLL
0x00007ffd31fc0000 - 0x00007ffd31fd7000 	C:\Windows\SYSTEM32\dhcpcsvc6.DLL
0x00007ffd31eb0000 - 0x00007ffd31ecd000 	C:\Windows\SYSTEM32\dhcpcsvc.DLL
0x00007ffd28e80000 - 0x00007ffd28e8e000 	C:\Users\hp\.vscode\extensions\redhat.java-1.50.0-win32-x64\jre\21.0.9-win32-x86_64\bin\sunmscapi.dll
0x00007ffd38ef0000 - 0x00007ffd3904d000 	C:\Windows\System32\CRYPT32.dll
0x00007ffd38200000 - 0x00007ffd38227000 	C:\Windows\SYSTEM32\ncrypt.dll
0x00007ffd381c0000 - 0x00007ffd381fb000 	C:\Windows\SYSTEM32\NTASN1.dll
0x00007ffd37bd0000 - 0x00007ffd37c9a000 	C:\Windows\SYSTEM32\DNSAPI.dll
0x0000000063e20000 - 0x0000000063e46000 	C:\Program Files\Bonjour\mdnsNSP.dll
0x00007ffd31630000 - 0x00007ffd3163a000 	C:\Windows\System32\rasadhlp.dll
0x00007ffd2dd60000 - 0x00007ffd2dde0000 	C:\Windows\System32\fwpuclnt.dll
0x00007ffd28520000 - 0x00007ffd28529000 	C:\Users\hp\.vscode\extensions\redhat.java-1.50.0-win32-x64\jre\21.0.9-win32-x86_64\bin\extnet.dll

JVMTI agents:
c:\Users\hp\.vscode\extensions\redhat.java-1.50.0-win32-x64\lombok\lombok-1.18.39-4050.jar path:c:\Users\hp\.vscode\extensions\redhat.java-1.50.0-win32-x64\jre\21.0.9-win32-x86_64\bin\instrument.dll, loaded, initialized, instrumentlib options:none

dbghelp: loaded successfully - version: 4.0.5 - missing functions: none
symbol engine: initialized successfully - sym options: 0x614 - pdb path: .;c:\Users\hp\.vscode\extensions\redhat.java-1.50.0-win32-x64\jre\21.0.9-win32-x86_64\bin;C:\Windows\SYSTEM32;C:\Windows\WinSxS\amd64_microsoft.windows.common-controls_6595b64144ccf1df_6.0.19041.6456_none_60b8a6cb71f64256;c:\Users\hp\.vscode\extensions\redhat.java-1.50.0-win32-x64\jre\21.0.9-win32-x86_64\bin\server;C:\Users\hp\AppData\Roaming\Code\User\globalStorage\redhat.java\1.50.0\config_win\org.eclipse.equinox.launcher\org.eclipse.equinox.launcher.win32.win32.x86_64_1.2.1400.v20250801-0854;C:\Users\hp\AppData\Local\Temp\jna-3336;C:\Program Files\Bonjour

VM Arguments:
jvm_args: --add-modules=ALL-SYSTEM --add-opens=java.base/java.util=ALL-UNNAMED --add-opens=java.base/java.lang=ALL-UNNAMED --add-opens=java.base/sun.nio.fs=ALL-UNNAMED -Declipse.application=org.eclipse.jdt.ls.core.id1 -Dosgi.bundles.defaultStartLevel=4 -Declipse.product=org.eclipse.jdt.ls.core.product -Djava.import.generatesMetadataFilesAtProjectRoot=false -DDetectVMInstallationsJob.disabled=true -Dfile.encoding=utf8 -XX:+UseParallelGC -XX:GCTimeRatio=4 -XX:AdaptiveSizePolicyWeight=90 -Dsun.zip.disableMemoryMapping=true -Xmx2G -Xms100m -Xlog:disable -javaagent:c:\Users\hp\.vscode\extensions\redhat.java-1.50.0-win32-x64\lombok\lombok-1.18.39-4050.jar -XX:+HeapDumpOnOutOfMemoryError -XX:HeapDumpPath=c:\Users\hp\AppData\Roaming\Code\User\workspaceStorage\6f9554d25d701098d3213396f1eb88a9\redhat.java -Daether.dependencyCollector.impl=bf 
java_command: c:\Users\hp\.vscode\extensions\redhat.java-1.50.0-win32-x64\server\plugins\org.eclipse.equinox.launcher_1.7.100.v20251111-0406.jar -configuration c:\Users\hp\AppData\Roaming\Code\User\globalStorage\redhat.java\1.50.0\config_win -data c:\Users\hp\AppData\Roaming\Code\User\workspaceStorage\6f9554d25d701098d3213396f1eb88a9\redhat.java\jdt_ws --pipe=\\.\pipe\lsp-cefab252ea4cceb76e950f6f4e970946-sock
java_class_path (initial): c:\Users\hp\.vscode\extensions\redhat.java-1.50.0-win32-x64\server\plugins\org.eclipse.equinox.launcher_1.7.100.v20251111-0406.jar
Launcher Type: SUN_STANDARD

[Global flags]
    uintx AdaptiveSizePolicyWeight                 = 90                                        {product} {command line}
     intx CICompilerCount                          = 4                                         {product} {ergonomic}
    uintx GCTimeRatio                              = 4                                         {product} {command line}
     bool HeapDumpOnOutOfMemoryError               = true                                   {manageable} {command line}
    ccstr HeapDumpPath                             = c:\Users\hp\AppData\Roaming\Code\User\workspaceStorage\6f9554d25d701098d3213396f1eb88a9\redhat.java         {manageable} {command line}
   size_t InitialHeapSize                          = 104857600                                 {product} {command line}
   size_t MaxHeapSize                              = 2147483648                                {product} {command line}
   size_t MaxNewSize                               = 715653120                                 {product} {ergonomic}
   size_t MinHeapDeltaBytes                        = 524288                                    {product} {ergonomic}
   size_t MinHeapSize                              = 104857600                                 {product} {command line}
   size_t NewSize                                  = 34603008                                  {product} {ergonomic}
    uintx NonNMethodCodeHeapSize                   = 5839372                                {pd product} {ergonomic}
    uintx NonProfiledCodeHeapSize                  = 122909434                              {pd product} {ergonomic}
   size_t OldSize                                  = 70254592                                  {product} {ergonomic}
    uintx ProfiledCodeHeapSize                     = 122909434                              {pd product} {ergonomic}
    uintx ReservedCodeCacheSize                    = 251658240                              {pd product} {ergonomic}
     bool SegmentedCodeCache                       = true                                      {product} {ergonomic}
   size_t SoftMaxHeapSize                          = 2147483648                             {manageable} {ergonomic}
     bool UseCompressedOops                        = true                           {product lp64_product} {ergonomic}
     bool UseLargePagesIndividualAllocation        = false                                  {pd product} {ergonomic}
     bool UseParallelGC                            = true                                      {product} {command line}

Logging:
Log output configuration:
 #0: stdout all=off uptime,level,tags foldmultilines=false
 #1: stderr all=off uptime,level,tags foldmultilines=false

Release file:
JAVA_VERSION="21.0.9" 
MODULES="java.base java.compiler java.datatransfer java.xml java.prefs java.desktop java.instrument java.logging java.management java.security.sasl java.naming java.rmi java.management.rmi java.net.http java.scripting java.security.jgss java.transaction.xa java.sql java.sql.rowset java.xml.crypto java.se java.smartcardio jdk.accessibility jdk.internal.jvmstat jdk.attach jdk.charsets jdk.internal.opt jdk.zipfs jdk.compiler jdk.crypto.ec jdk.crypto.cryptoki jdk.crypto.mscapi jdk.dynalink jdk.internal.ed jdk.editpad jdk.hotspot.agent jdk.httpserver jdk.internal.le jdk.internal.vm.ci jdk.internal.vm.compiler jdk.internal.vm.compiler.management jdk.jartool jdk.javadoc jdk.jcmd jdk.management jdk.management.agent jdk.jconsole jdk.jdeps jdk.jdwp.agent jdk.jdi jdk.jfr jdk.jshell jdk.jsobject jdk.jstatd jdk.localedata jdk.management.jfr jdk.naming.dns jdk.naming.rmi jdk.net jdk.nio.mapmode jdk.random jdk.sctp jdk.security.auth jdk.security.jgss jdk.unsupported jdk.unsupported.desktop jdk.xml.dom" 

Environment Variables:
JAVA_HOME=C:\Program Files\Java\jdk-17
PATH=C:\Program Files\Amazon Corretto\jdk1.8.0_462\bin;C:\Program Files\OpenLogic\jdk-8.0.462.08-hotspot\bin;C:\Program Files\Eclipse Adoptium\jdk-8.0.462.8-hotspot\bin;C:\Program Files\Eclipse Adoptium\jdk-17.0.16.8-hotspot\bin;C:\Program Files (x86)\VMware\VMware Workstation\bin\;C:\Program Files\Python312\Scripts\;C:\Program Files\Python312\;C:\Program Files\Common Files\Oracle\Java\javapath;C:\Program Files (x86)\NVIDIA Corporation\PhysX\Common;;C:\Windows\system32;C:\Windows;C:\Windows\System32\Wbem;C:\Windows\System32\WindowsPowerShell\v1.0\;C:\Windows\System32\OpenSSH\;C:\Program Files (x86)\Windows Kits\8.1\Windows Performance Toolkit\;C:\Program Files\Git\cmd;C:\Program Files\nodejs\;C:\ProgramData\chocolatey\bin;C:\Program Files\Docker\Docker\resources\bin;C:\Program Files\cursor\resources\app\bin;C:\Program Files\Microsoft SQL Server\170\Tools\Binn\;C:\Program Files\Microsoft SQL Server\Client SDK\ODBC\170\Tools\Binn\;C:\Program Files\Microsoft SQL Server\130\DTS\Binn\;C:\Program Files\Microsoft SQL Server\140\DTS\Binn\;C:\Program Files\Microsoft SQL Server\150\DTS\Binn\;C:\Program Files\Microsoft SQL Server\160\DTS\Binn\;C:\Program Files\Microsoft SQL Server\170\DTS\Binn\;C:\Program Files\Eclipse Adoptium\jdk-17.0.16.8-hotspot\\bin;C:\Program Files\Eclipse Adoptium\jdk-8.0.462.8-hotspot\bin;C:\Program Files\Eclipse Adoptium\jdk-17.0.16.8-hotspot\bin;C:\Program Files (x86)\VMware\VMware Workstation\bin\;C:\Program Files\Python312\Scripts\;C:\Program Files\Python312\;C:\Program Files\Common Files\Oracle\Java\javapath;C:\Program Files (x86)\NVIDIA Corporation\PhysX\Common;%COSMOSM%;C:\Windows\system32;C:\Windows;C:\Windows\System32\Wbem;C:\Windows\System32\WindowsPowerShell\v1.0\;C:\Windows\System32\OpenSSH\;C:\Program Files (x86)\Windows Kits\8.1\Windows Performance Toolkit\;C:\Program Files\Git\cmd;C:\Program Files\nodejs\;C:\ProgramData\chocolatey\bin;C:\Program Files\Docker\Docker\resources\bin;C:\Users\hp\AppData\Local\Microsoft\WindowsApps;C:\Users\hp\AppData\Local\Programs\Microsoft VS Code\bin;C:\Program Files\JetBrains\IntelliJ IDEA 2024.3.1\bin;C:\Users\hp\AppData\Roaming\npm;C:\msys64\ucrt64\bin;C:\Users\hp\AppData\Local\Programs\MiKTeX\miktex\bin\x64\
USERNAME=hp
OS=Windows_NT
PROCESSOR_IDENTIFIER=AMD64 Family 23 Model 24 Stepping 1, AuthenticAMD
TMP=C:\Users\hp\AppData\Local\Temp
TEMP=C:\Users\hp\AppData\Local\Temp




Periodic native trim disabled

---------------  S Y S T E M  ---------------

OS:
 Windows 10 , 64 bit Build 19041 (10.0.19041.5915)
OS uptime: 0 days 10:01 hours
Hyper-V role detected

CPU: total 8 (initial active 8) (8 cores per cpu, 2 threads per core) family 23 model 24 stepping 1 microcode 0x0, cx8, cmov, fxsr, ht, mmx, 3dnowpref, sse, sse2, sse3, ssse3, sse4a, sse4.1, sse4.2, popcnt, lzcnt, tsc, tscinvbit, avx, avx2, aes, clmul, bmi1, bmi2, adx, sha, fma, vzeroupper, clflush, clflushopt, hv, rdtscp, f16c
Processor Information for the first 8 processors :
  Max Mhz: 2100, Current Mhz: 2100, Mhz Limit: 2100

Memory: 4k page, system-wide physical 14278M (486M free)
TotalPageFile size 25410M (AvailPageFile size 4M)
current process WorkingSet (physical memory assigned to process): 376M, peak: 376M
current process commit charge ("private bytes"): 720M, peak: 722M

vm_info: OpenJDK 64-Bit Server VM (21.0.9+10-LTS) for windows-amd64 JRE (21.0.9+10-LTS), built on 2025-10-21T00:00:00Z by "admin" with unknown MS VC++:1942

END.
